<?xml version="1.0" encoding="UTF-8"?>
<!-- Generated by org.testng.reporters.JUnitReportReporter -->
<testsuite skipped="0" hostname="DESKTOP-BA82JK2" name="tests.Mainclasses" tests="24" failures="0" timestamp="21 Jun 2019 10:23:02 GMT" time="68.917" errors="0">
  <testcase name="launch" time="9.170" classname="tests.Mainclasses"/>
  <testcase name="launch" time="9.143" classname="tests.Mainclasses"/>
  <testcase name="launch" time="8.657" classname="tests.Mainclasses"/>
  <testcase name="launch" time="10.522" classname="tests.Mainclasses"/>
  <testcase name="launch" time="11.171" classname="tests.Mainclasses"/>
  <testcase name="launch" time="8.761" classname="tests.Mainclasses"/>
  <testcase name="login" time="1.491" classname="tests.Mainclasses"/>
  <testcase name="login" time="1.453" classname="tests.Mainclasses"/>
  <testcase name="login" time="1.519" classname="tests.Mainclasses"/>
  <testcase name="login" time="1.492" classname="tests.Mainclasses"/>
  <testcase name="login" time="1.470" classname="tests.Mainclasses"/>
  <testcase name="login" time="1.493" classname="tests.Mainclasses"/>
  <testcase name="validations" time="1.515" classname="tests.Mainclasses"/>
  <testcase name="validations" time="0.048" classname="tests.Mainclasses"/>
  <testcase name="validations" time="0.034" classname="tests.Mainclasses"/>
  <testcase name="validations" time="0.057" classname="tests.Mainclasses"/>
  <testcase name="validations" time="0.046" classname="tests.Mainclasses"/>
  <testcase name="validations" time="0.080" classname="tests.Mainclasses"/>
  <testcase name="closesite" time="0.154" classname="tests.Mainclasses"/>
  <testcase name="closesite" time="0.133" classname="tests.Mainclasses"/>
  <testcase name="closesite" time="0.145" classname="tests.Mainclasses"/>
  <testcase name="closesite" time="0.121" classname="tests.Mainclasses"/>
  <testcase name="closesite" time="0.117" classname="tests.Mainclasses"/>
  <testcase name="closesite" time="0.125" classname="tests.Mainclasses"/>
</testsuite> <!-- tests.Mainclasses -->
